<?xml version="1.0" encoding="UTF-8"?>
<!-- Generated by org.testng.reporters.JUnitXMLReporter -->
<testsuite ignored="0" hostname="Deepak-Kumar-LP" failures="0" tests="4" name="ChromeTest" time="29.657" errors="0" timestamp="2025-05-29T17:36:59 IST">
  <testcase classname="Test.AdvertiseWithUs" name="@BeforeClass setUpBrowser" time="29.48">
    <failure type="org.openqa.selenium.NoSuchWindowException" message="no such window: target window already closed
from unknown error: web view not found
  (Session info: chrome=136.0.7103.114)
Build info: version: &amp;apos;4.32.0&amp;apos;, revision: &amp;apos;d17c8aa950&amp;apos;
System info: os.name: &amp;apos;Windows 10&amp;apos;, os.arch: &amp;apos;amd64&amp;apos;, os.version: &amp;apos;10.0&amp;apos;, java.version: &amp;apos;22.0.1&amp;apos;
Driver info: org.openqa.selenium.chrome.ChromeDriver
Command: [cfcdce17b23e8a6f19d565f280249546, findElement {using=xpath, value=//label[text()=&amp;apos;Agent/Builder&amp;apos;]}]
Capabilities {acceptInsecureCerts: false, browserName: chrome, browserVersion: 136.0.7103.114, chrome: {chromedriverVersion: 136.0.7103.113 (76fa3c17824..., userDataDir: C:\Users\DEEPAK~1.KUM\AppDa...}, fedcm:accounts: true, goog:chromeOptions: {debuggerAddress: localhost:59699}, networkConnectionEnabled: false, pageLoadStrategy: normal, platformName: windows, proxy: Proxy(), se:cdp: ws://localhost:59699/devtoo..., se:cdpVersion: 136.0.7103.114, setWindowRect: true, strictFileInteractability: false, timeouts: {implicit: 0, pageLoad: 300000, script: 30000}, unhandledPromptBehavior: dismiss and notify, webauthn:extension:credBlob: true, webauthn:extension:largeBlob: true, webauthn:extension:minPinLength: true, webauthn:extension:prf: true, webauthn:virtualAuthenticators: true}
Session ID: cfcdce17b23e8a6f19d565f280249546">
      <![CDATA[org.openqa.selenium.NoSuchWindowException: no such window: target window already closed
from unknown error: web view not found
  (Session info: chrome=136.0.7103.114)
Build info: version: '4.32.0', revision: 'd17c8aa950'
System info: os.name: 'Windows 10', os.arch: 'amd64', os.version: '10.0', java.version: '22.0.1'
Driver info: org.openqa.selenium.chrome.ChromeDriver
Command: [cfcdce17b23e8a6f19d565f280249546, findElement {using=xpath, value=//label[text()='Agent/Builder']}]
Capabilities {acceptInsecureCerts: false, browserName: chrome, browserVersion: 136.0.7103.114, chrome: {chromedriverVersion: 136.0.7103.113 (76fa3c17824..., userDataDir: C:\Users\DEEPAK~1.KUM\AppDa...}, fedcm:accounts: true, goog:chromeOptions: {debuggerAddress: localhost:59699}, networkConnectionEnabled: false, pageLoadStrategy: normal, platformName: windows, proxy: Proxy(), se:cdp: ws://localhost:59699/devtoo..., se:cdpVersion: 136.0.7103.114, setWindowRect: true, strictFileInteractability: false, timeouts: {implicit: 0, pageLoad: 300000, script: 30000}, unhandledPromptBehavior: dismiss and notify, webauthn:extension:credBlob: true, webauthn:extension:largeBlob: true, webauthn:extension:minPinLength: true, webauthn:extension:prf: true, webauthn:virtualAuthenticators: true}
Session ID: cfcdce17b23e8a6f19d565f280249546
at org.openqa.selenium.remote.ErrorCodec.decode(ErrorCodec.java:167)
at org.openqa.selenium.remote.codec.w3c.W3CHttpResponseCodec.decode(W3CHttpResponseCodec.java:138)
at org.openqa.selenium.remote.codec.w3c.W3CHttpResponseCodec.decode(W3CHttpResponseCodec.java:50)
at org.openqa.selenium.remote.HttpCommandExecutor.execute(HttpCommandExecutor.java:215)
at org.openqa.selenium.remote.service.DriverCommandExecutor.invokeExecute(DriverCommandExecutor.java:216)
at org.openqa.selenium.remote.service.DriverCommandExecutor.execute(DriverCommandExecutor.java:174)
at org.openqa.selenium.remote.RemoteWebDriver.execute(RemoteWebDriver.java:545)
at org.openqa.selenium.remote.ElementLocation$ElementFinder$2.findElement(ElementLocation.java:165)
at org.openqa.selenium.remote.ElementLocation.findElement(ElementLocation.java:59)
at org.openqa.selenium.remote.RemoteWebDriver.findElement(RemoteWebDriver.java:368)
at org.openqa.selenium.remote.RemoteWebDriver.findElement(RemoteWebDriver.java:362)
at org.openqa.selenium.support.pagefactory.DefaultElementLocator.findElement(DefaultElementLocator.java:68)
at org.openqa.selenium.support.pagefactory.internal.LocatingElementHandler.invoke(LocatingElementHandler.java:38)
at jdk.proxy2/jdk.proxy2.$Proxy31.toString(Unknown Source)
at java.base/java.lang.String.valueOf(String.java:4507)
at org.openqa.selenium.support.ui.ExpectedConditions$23.toString(ExpectedConditions.java:669)
at java.base/java.lang.String.valueOf(String.java:4507)
at org.openqa.selenium.support.ui.FluentWait.until(FluentWait.java:225)
at Pages.LoginPage.selectAgent_Builder(LoginPage.java:52)
at Test.AdvertiseWithUs.login(AdvertiseWithUs.java:106)
at Test.AdvertiseWithUs.setUpBrowser(AdvertiseWithUs.java:40)
at java.base/java.util.ArrayList.forEach(ArrayList.java:1597)
... Removed 26 stack frames]]>
    </failure>
  </testcase> <!-- @BeforeClass setUpBrowser -->
  <testcase classname="Test.AdvertiseWithUs" name="@BeforeMethod initializePages" time="0.0">
    <skipped/>
  </testcase> <!-- @BeforeMethod initializePages -->
  <testcase classname="Test.AdvertiseWithUs" name="@BeforeMethod initializePages" time="0.0">
    <skipped/>
  </testcase> <!-- @BeforeMethod initializePages -->
  <testcase classname="Test.AdvertiseWithUs" name="@BeforeMethod initializePages" time="0.0">
    <skipped/>
  </testcase> <!-- @BeforeMethod initializePages -->
  <testcase classname="Test.AdvertiseWithUs" name="@BeforeMethod initializePages" time="0.0">
    <skipped/>
  </testcase> <!-- @BeforeMethod initializePages -->
  <testcase classname="Test.AdvertiseWithUs" name="@AfterTest teardown" time="0.0">
    <skipped/>
  </testcase> <!-- @AfterTest teardown -->
  <testcase classname="Test.AdvertiseWithUs" name="testSellResidentialAdFlow" time="0.0">
    <skipped/>
  </testcase> <!-- testSellResidentialAdFlow -->
  <testcase classname="Test.AdvertiseWithUs" name="testSellCommercialAdFlow" time="0.0">
    <skipped/>
  </testcase> <!-- testSellCommercialAdFlow -->
  <testcase classname="Test.AdvertiseWithUs" name="testRentResidentialAdFlow" time="0.0">
    <skipped/>
  </testcase> <!-- testRentResidentialAdFlow -->
  <testcase classname="Test.AdvertiseWithUs" name="testRentCommercialAdFlow" time="0.0">
    <skipped/>
  </testcase> <!-- testRentCommercialAdFlow -->
</testsuite> <!-- ChromeTest -->
